Performing C++ SOURCE FILE Test FINITE_VALUE_HAVE_GLOBAL_ISNAN failed with the following output:
Change Dir: /home/roeverf/opt/feddlib/FEDDLib-TribitsNew/build/CMakeFiles/CMakeTmp

Run Build Command(s):/usr/bin/make -f Makefile cmTC_af08f/fast && /usr/bin/make  -f CMakeFiles/cmTC_af08f.dir/build.make CMakeFiles/cmTC_af08f.dir/build
make[1]: Verzeichnis „/home/roeverf/opt/feddlib/FEDDLib-TribitsNew/build/CMakeFiles/CMakeTmp“ wird betreten
Building CXX object CMakeFiles/cmTC_af08f.dir/src.cxx.o
/usr/bin/mpicxx -DFINITE_VALUE_HAVE_GLOBAL_ISNAN  -O3 -DNDEBUG -std=c++11 -o CMakeFiles/cmTC_af08f.dir/src.cxx.o -c /home/roeverf/opt/feddlib/FEDDLib-TribitsNew/build/CMakeFiles/CMakeTmp/src.cxx
/home/roeverf/opt/feddlib/FEDDLib-TribitsNew/build/CMakeFiles/CMakeTmp/src.cxx: In function ‘int main()’:
/home/roeverf/opt/feddlib/FEDDLib-TribitsNew/build/CMakeFiles/CMakeTmp/src.cxx:6:3: error: ‘isnan’ was not declared in this scope; did you mean ‘std::isnan’?
    6 |   isnan(x);
      |   ^~~~~
      |   std::isnan
In file included from /home/roeverf/opt/feddlib/FEDDLib-TribitsNew/build/CMakeFiles/CMakeTmp/src.cxx:2:
/usr/include/c++/9/cmath:632:5: note: ‘std::isnan’ declared here
  632 |     isnan(_Tp __x)
      |     ^~~~~
make[1]: *** [CMakeFiles/cmTC_af08f.dir/build.make:78: CMakeFiles/cmTC_af08f.dir/src.cxx.o] Fehler 1
make[1]: Verzeichnis „/home/roeverf/opt/feddlib/FEDDLib-TribitsNew/build/CMakeFiles/CMakeTmp“ wird verlassen
make: *** [Makefile:127: cmTC_af08f/fast] Fehler 2


Source file was:

#include <cmath>
int main()
{
  double x = 1.0;
  isnan(x);
  return 0;
}
  
Performing C++ SOURCE FILE Test FINITE_VALUE_HAVE_GLOBAL_ISINF failed with the following output:
Change Dir: /home/roeverf/opt/feddlib/FEDDLib-TribitsNew/build/CMakeFiles/CMakeTmp

Run Build Command(s):/usr/bin/make -f Makefile cmTC_8f599/fast && /usr/bin/make  -f CMakeFiles/cmTC_8f599.dir/build.make CMakeFiles/cmTC_8f599.dir/build
make[1]: Verzeichnis „/home/roeverf/opt/feddlib/FEDDLib-TribitsNew/build/CMakeFiles/CMakeTmp“ wird betreten
Building CXX object CMakeFiles/cmTC_8f599.dir/src.cxx.o
/usr/bin/mpicxx -DFINITE_VALUE_HAVE_GLOBAL_ISINF  -O3 -DNDEBUG -std=c++11 -o CMakeFiles/cmTC_8f599.dir/src.cxx.o -c /home/roeverf/opt/feddlib/FEDDLib-TribitsNew/build/CMakeFiles/CMakeTmp/src.cxx
/home/roeverf/opt/feddlib/FEDDLib-TribitsNew/build/CMakeFiles/CMakeTmp/src.cxx: In function ‘int main()’:
/home/roeverf/opt/feddlib/FEDDLib-TribitsNew/build/CMakeFiles/CMakeTmp/src.cxx:6:3: error: ‘isinf’ was not declared in this scope; did you mean ‘std::isinf’?
    6 |   isinf(x);
      |   ^~~~~
      |   std::isinf
In file included from /home/roeverf/opt/feddlib/FEDDLib-TribitsNew/build/CMakeFiles/CMakeTmp/src.cxx:2:
/usr/include/c++/9/cmath:605:5: note: ‘std::isinf’ declared here
  605 |     isinf(_Tp __x)
      |     ^~~~~
make[1]: *** [CMakeFiles/cmTC_8f599.dir/build.make:78: CMakeFiles/cmTC_8f599.dir/src.cxx.o] Fehler 1
make[1]: Verzeichnis „/home/roeverf/opt/feddlib/FEDDLib-TribitsNew/build/CMakeFiles/CMakeTmp“ wird verlassen
make: *** [Makefile:127: cmTC_8f599/fast] Fehler 2


Source file was:

#include <cmath>
int main()
{
  double x = 1.0;
  isinf(x);
  return 0;
}
  
Performing C++ SOURCE FILE Test HAVE_SIMPLECXX___INT64 failed with the following output:
Change Dir: /home/roeverf/opt/feddlib/FEDDLib-TribitsNew/build/CMakeFiles/CMakeTmp

Run Build Command(s):/usr/bin/make -f Makefile cmTC_d4f94/fast && /usr/bin/make  -f CMakeFiles/cmTC_d4f94.dir/build.make CMakeFiles/cmTC_d4f94.dir/build
make[1]: Verzeichnis „/home/roeverf/opt/feddlib/FEDDLib-TribitsNew/build/CMakeFiles/CMakeTmp“ wird betreten
Building CXX object CMakeFiles/cmTC_d4f94.dir/src.cxx.o
/usr/bin/mpicxx -DHAVE_SIMPLECXX___INT64  -pedantic -Wall -Wno-long-long -Wwrite-strings -Wshadow -Woverloaded-virtual  -O3 -DNDEBUG -std=c++11 -o CMakeFiles/cmTC_d4f94.dir/src.cxx.o -c /home/roeverf/opt/feddlib/FEDDLib-TribitsNew/build/CMakeFiles/CMakeTmp/src.cxx
/home/roeverf/opt/feddlib/FEDDLib-TribitsNew/build/CMakeFiles/CMakeTmp/src.cxx:6:35: error: ‘__int64’ was not declared in this scope
    6 | template<> struct MyOrdinalTraits<__int64> { static inline __int64 zero() { return 0; } };
      |                                   ^~~~~~~
/home/roeverf/opt/feddlib/FEDDLib-TribitsNew/build/CMakeFiles/CMakeTmp/src.cxx:6:42: error: template argument 1 is invalid
    6 | template<> struct MyOrdinalTraits<__int64> { static inline __int64 zero() { return 0; } };
      |                                          ^
/home/roeverf/opt/feddlib/FEDDLib-TribitsNew/build/CMakeFiles/CMakeTmp/src.cxx: In function ‘int main()’:
/home/roeverf/opt/feddlib/FEDDLib-TribitsNew/build/CMakeFiles/CMakeTmp/src.cxx:12:19: error: ‘__int64’ was not declared in this scope
   12 |   MyOrdinalTraits<__int64>::zero();
      |                   ^~~~~~~
/home/roeverf/opt/feddlib/FEDDLib-TribitsNew/build/CMakeFiles/CMakeTmp/src.cxx:12:26: error: template argument 1 is invalid
   12 |   MyOrdinalTraits<__int64>::zero();
      |                          ^
make[1]: *** [CMakeFiles/cmTC_d4f94.dir/build.make:78: CMakeFiles/cmTC_d4f94.dir/src.cxx.o] Fehler 1
make[1]: Verzeichnis „/home/roeverf/opt/feddlib/FEDDLib-TribitsNew/build/CMakeFiles/CMakeTmp“ wird verlassen
make: *** [Makefile:127: cmTC_d4f94/fast] Fehler 2


Source file was:

template<typename T> struct MyOrdinalTraits {};

template<> struct MyOrdinalTraits<int> { static inline int zero() { return 0; } };
template<> struct MyOrdinalTraits<long int> { static inline long int zero() { return 0; } };
template<> struct MyOrdinalTraits<__int64> { static inline __int64 zero() { return 0; } };

int main()
{
  MyOrdinalTraits<int>::zero();
  MyOrdinalTraits<long int>::zero();
  MyOrdinalTraits<__int64>::zero();
  return 0;
}

